<?xml version="1.0" encoding="UTF-8"?>
<con:testSuite id="18020a28-16c9-444d-9d36-9c20fe6683c8" name="Test Suite 2" xmlns:con="http://eviware.com/soapui/config"><con:settings><con:setting id="IncludeOverview">true</con:setting><con:setting id="IncludeResults">true</con:setting><con:setting id="FlowLayout">false</con:setting><con:setting id="ErrorDetails">true</con:setting><con:setting id="IncludeCoverage">true</con:setting><con:setting id="GeneratableJUnitReport@Style">Single Page (Print)</con:setting><con:setting id="GeneratableJUnitReport@Folder">C:\Users\ASUS\Documents\Cursos\Learn API &amp; Microservices Testing\Seccion 3\11</con:setting></con:settings><con:runType>SEQUENTIAL</con:runType><con:testCase id="186e8025-8f97-477e-9c4c-d42855f98cd5" discardOkResults="false" failOnError="true" failTestCaseOnErrors="true" keepSession="false" name="Test Case 1" searchProperties="true" timeout="0"><con:settings/><con:testStep type="datasource" name="Data Source TXT" id="6808250e-a866-4cfe-87f4-f2d728ef3acb" disabled="true"><con:settings/><con:config xsi:type="con:DataSourceStep" xmlns:xsi="http://www.w3.org/2001/XMLSchema-instance"><con:dataSource type="File"><con:configuration><fileName>C:/Users/ASUS/Documents/Cursos/Learn API &amp; Microservices Testing/Seccion 3/11/TestData Files/Countries.txt</fileName><separator>,</separator><trim>true</trim><charset>Cp1252</charset><quotedValues>false</quotedValues></con:configuration></con:dataSource><con:shared>true</con:shared><con:restartShared>true</con:restartShared><con:property>Countries</con:property><con:property>ISOCode</con:property><con:restartOnRun>true</con:restartOnRun></con:config></con:testStep><con:testStep type="datasource" name="Data Source XLS" id="736aa922-944c-412e-ace0-d0e07b0b9f5a" disabled="true"><con:settings/><con:config xsi:type="con:DataSourceStep" xmlns:xsi="http://www.w3.org/2001/XMLSchema-instance"><con:dataSource type="Excel"><con:configuration><file>C:/Users/ASUS/Documents/Cursos/Learn API &amp; Microservices Testing/Seccion 3/11/TestData Files/Countries.xlsx</file><worksheet/><cell>A2</cell><ignoreEmpty>false</ignoreEmpty><evaluateFormulas>false</evaluateFormulas></con:configuration></con:dataSource><con:shared>true</con:shared><con:restartShared>true</con:restartShared><con:property>Countries</con:property><con:property>ISOCode</con:property><con:restartOnRun>true</con:restartOnRun></con:config></con:testStep><con:testStep type="datasource" name="Data Source Grid" id="dde930c7-c1d2-4d7c-af2d-cc99c7e5594a"><con:settings/><con:config xsi:type="con:DataSourceStep" xmlns:xsi="http://www.w3.org/2001/XMLSchema-instance"><con:dataSource type="Grid"><con:configuration><check><![CDATA[<xml-fragment><con:entry xmlns:con="http://eviware.com/soapui/config">true</con:entry><con:entry xmlns:con="http://eviware.com/soapui/config">true</con:entry><con:entry xmlns:con="http://eviware.com/soapui/config">true</con:entry><con:entry xmlns:con="http://eviware.com/soapui/config">true</con:entry><con:entry xmlns:con="http://eviware.com/soapui/config">true</con:entry></xml-fragment>]]></check><row><![CDATA[<xml-fragment><con:entry xmlns:con="http://eviware.com/soapui/config">Argentina</con:entry><con:entry xmlns:con="http://eviware.com/soapui/config">AR</con:entry><con:entry xmlns:con="http://eviware.com/soapui/config"/></xml-fragment>]]></row><row><![CDATA[<xml-fragment><con:entry xmlns:con="http://eviware.com/soapui/config">Belgium</con:entry><con:entry xmlns:con="http://eviware.com/soapui/config">BE</con:entry><con:entry xmlns:con="http://eviware.com/soapui/config"/></xml-fragment>]]></row><row><![CDATA[<xml-fragment><con:entry xmlns:con="http://eviware.com/soapui/config">Colombia</con:entry><con:entry xmlns:con="http://eviware.com/soapui/config">CO</con:entry><con:entry xmlns:con="http://eviware.com/soapui/config"/></xml-fragment>]]></row><row><![CDATA[<xml-fragment><con:entry xmlns:con="http://eviware.com/soapui/config">Brazil</con:entry><con:entry xmlns:con="http://eviware.com/soapui/config">BR</con:entry><con:entry xmlns:con="http://eviware.com/soapui/config"/></xml-fragment>]]></row><row><![CDATA[<xml-fragment><con:entry xmlns:con="http://eviware.com/soapui/config">India</con:entry><con:entry xmlns:con="http://eviware.com/soapui/config">IN</con:entry><con:entry xmlns:con="http://eviware.com/soapui/config"/></xml-fragment>]]></row><recognizeAsPlainText>true</recognizeAsPlainText></con:configuration></con:dataSource><con:shared>true</con:shared><con:restartShared>true</con:restartShared><con:property>Countries</con:property><con:property>ISOCode</con:property><con:completeLastOperation>true</con:completeLastOperation><con:restartOnRun>true</con:restartOnRun></con:config></con:testStep><con:testStep type="request" id="baaa3620-a72e-46ca-9703-515c293c1b96" name="SOAP Request"><con:settings/><con:config xsi:type="con:RequestStep" xmlns:xsi="http://www.w3.org/2001/XMLSchema-instance"><con:interface>InfoSoapBinding</con:interface><con:operation>Countries</con:operation><con:request name="SOAP Request" outgoingWss="" incomingWss="" timeout="" sslKeystore="" useWsAddressing="false" useWsReliableMessaging="false" wssPasswordType="" id="9163cd6d-f7de-4daa-b901-80ddaf3128fc"><con:settings><con:setting id="com.eviware.soapui.impl.wsdl.WsdlRequest@request-headers">&lt;xml-fragment/></con:setting></con:settings><con:encoding>UTF-8</con:encoding><con:endpoint>https://ws.footballpool.dataaccess.eu/info.wso</con:endpoint><con:request><![CDATA[<soapenv:Envelope xmlns:soapenv="http://schemas.xmlsoap.org/soap/envelope/" xmlns:foot="https://footballpool.dataaccess.eu">
   <soapenv:Header/>
   <soapenv:Body>
      <foot:Countries>
         <foot:sCountryName>${Data Source Grid#Countries}</foot:sCountryName>
      </foot:Countries>
   </soapenv:Body>
</soapenv:Envelope>]]></con:request><con:assertion type="XPath Match" id="0f8c140f-567b-415e-97a3-f2440901f8c1" name="Match content of [m:sISOCode]"><con:configuration><path>declare namespace m='https://footballpool.dataaccess.eu';
//m:CountriesResponse[1]/m:CountriesResult[1]/m:tCountry[1]/m:sISOCode[1]/text()</path><content>${Data Source Grid#ISOCode}</content><allowWildcards>false</allowWildcards><ignoreNamspaceDifferences>false</ignoreNamspaceDifferences><ignoreComments>false</ignoreComments></con:configuration></con:assertion><con:credentials><con:selectedAuthProfile>No Authorization</con:selectedAuthProfile><con:authType>No Authorization</con:authType></con:credentials><con:jmsConfig JMSDeliveryMode="PERSISTENT"/><con:jmsPropertyConfig/><con:wsaConfig mustUnderstand="NONE" version="200508" action="https://footballpool.dataaccess.eu/InfoSoapType/CountriesRequest"/><con:wsrmConfig version="1.2"/></con:request></con:config></con:testStep><con:testStep type="datasourceloop" name="Data Source Loop" id="49c608ea-8a59-4b6f-8c66-9ca00c4e5a43"><con:settings/><con:config><dataSourceStep>Data Source Grid</dataSourceStep><targetStep>SOAP Request</targetStep><discardResults>true</discardResults></con:config></con:testStep><con:properties/><con:reportParameters/></con:testCase><con:testCase id="48e4e2e2-a69c-4dad-9ca6-5a5930724149" discardOkResults="false" failOnError="true" failTestCaseOnErrors="true" keepSession="false" name="Test Case 2" searchProperties="true" timeout="0"><con:settings/><con:testStep type="request" id="c5fe832e-ad1f-461a-8455-f369be5dfaea" name="SOAP Request"><con:settings/><con:config xsi:type="con:RequestStep" xmlns:xsi="http://www.w3.org/2001/XMLSchema-instance"><con:interface>InfoSoapBinding</con:interface><con:operation>AllPlayersWithRole</con:operation><con:request name="SOAP Request" outgoingWss="" incomingWss="" timeout="" sslKeystore="" useWsAddressing="false" useWsReliableMessaging="false" wssPasswordType="" id="5c376345-9bb2-414d-a22d-ff966e99f928"><con:settings><con:setting id="com.eviware.soapui.impl.wsdl.WsdlRequest@request-headers">&lt;xml-fragment/></con:setting></con:settings><con:encoding>UTF-8</con:encoding><con:endpoint>https://ws.footballpool.dataaccess.eu/info.wso</con:endpoint><con:request><![CDATA[<soapenv:Envelope xmlns:soapenv="http://schemas.xmlsoap.org/soap/envelope/" xmlns:foot="https://footballpool.dataaccess.eu">
   <soapenv:Header/>
   <soapenv:Body>
      <foot:AllPlayersWithRole>
         <foot:sTeamName>?</foot:sTeamName>
         <foot:sRoleCode>?</foot:sRoleCode>
      </foot:AllPlayersWithRole>
   </soapenv:Body>
</soapenv:Envelope>]]></con:request><con:assertion type="Valid HTTP Status Codes" id="4dd15d75-f03c-4d48-af9f-e17c70ba2b9d" name="Valid HTTP Status Codes"><con:settings/><con:configuration><codes>200</codes></con:configuration></con:assertion><con:assertion type="SOAP Fault Assertion" id="f5d21c1c-8428-4b83-9508-2f18194b4642" name="Not SOAP Fault"/><con:assertion type="Schema Compliance" id="9d716387-73b4-4af0-8f68-3b2b738abb63" name="Schema Compliance"><con:configuration/></con:assertion><con:credentials><con:selectedAuthProfile>No Authorization</con:selectedAuthProfile><con:authType>No Authorization</con:authType></con:credentials><con:jmsConfig JMSDeliveryMode="PERSISTENT"/><con:wsaConfig mustUnderstand="NONE" version="200508" action="https://footballpool.dataaccess.eu/InfoSoapType/AllPlayersWithRoleRequest"/><con:wsrmConfig version="1.2"/></con:request></con:config></con:testStep><con:properties/><con:reportParameters/></con:testCase><con:testCase id="e71a62cc-6886-452c-9596-73a8ea82dfb4" discardOkResults="false" failOnError="true" failTestCaseOnErrors="true" keepSession="false" name="Test Case 3" searchProperties="true" timeout="0"><con:settings/><con:testStep type="request" id="0dfe5d40-a155-4a5a-b982-f8c6d3e70a69" name="SOAP Request"><con:settings/><con:config xsi:type="con:RequestStep" xmlns:xsi="http://www.w3.org/2001/XMLSchema-instance"><con:interface>InfoSoapBinding</con:interface><con:operation>CityNames</con:operation><con:request name="SOAP Request" outgoingWss="" incomingWss="" timeout="" sslKeystore="" useWsAddressing="false" useWsReliableMessaging="false" wssPasswordType="" id="0bd69dc5-cc1a-40c4-ae12-156a72cc46c7"><con:settings><con:setting id="com.eviware.soapui.impl.wsdl.WsdlRequest@request-headers">&lt;xml-fragment/></con:setting></con:settings><con:encoding>UTF-8</con:encoding><con:endpoint>https://ws.footballpool.dataaccess.eu/info.wso</con:endpoint><con:request><![CDATA[<soapenv:Envelope xmlns:soapenv="http://schemas.xmlsoap.org/soap/envelope/" xmlns:foot="https://footballpool.dataaccess.eu">\r
   <soapenv:Header/>\r
   <soapenv:Body>\r
      <foot:CityNames/>\r
   </soapenv:Body>\r
</soapenv:Envelope>]]></con:request><con:assertion type="Valid HTTP Status Codes" id="3ad8eeb4-9b86-4d27-bdbb-6ec703651eab" name="Valid HTTP Status Codes"><con:settings/><con:configuration><codes>200</codes></con:configuration></con:assertion><con:assertion type="SOAP Fault Assertion" id="833d7cf2-ba1f-4c47-935a-b67564344365" name="Not SOAP Fault"/><con:assertion type="Schema Compliance" id="2569c526-92c1-4c4d-a002-21dcaf3cc446" name="Schema Compliance"><con:configuration/></con:assertion><con:credentials><con:selectedAuthProfile>No Authorization</con:selectedAuthProfile><con:authType>No Authorization</con:authType></con:credentials><con:jmsConfig JMSDeliveryMode="PERSISTENT"/><con:wsaConfig mustUnderstand="NONE" version="200508" action="https://footballpool.dataaccess.eu/InfoSoapType/CityNamesRequest"/><con:wsrmConfig version="1.2"/></con:request></con:config></con:testStep><con:properties/><con:reportParameters/></con:testCase><con:properties/><con:reportParameters/></con:testSuite>